[2023-03-29T23:13:06.690+0000] {taskinstance.py:1084} INFO - Dependencies all met for dep_context=non-requeueable deps ti=<TaskInstance: tax_income.extract_and_load manual__2023-03-29T23:12:48.558725+00:00 [queued]>
[2023-03-29T23:13:06.740+0000] {taskinstance.py:1084} INFO - Dependencies all met for dep_context=requeueable deps ti=<TaskInstance: tax_income.extract_and_load manual__2023-03-29T23:12:48.558725+00:00 [queued]>
[2023-03-29T23:13:06.742+0000] {taskinstance.py:1282} INFO - 
--------------------------------------------------------------------------------
[2023-03-29T23:13:06.744+0000] {taskinstance.py:1283} INFO - Starting attempt 1 of 2
[2023-03-29T23:13:06.750+0000] {taskinstance.py:1284} INFO - 
--------------------------------------------------------------------------------
[2023-03-29T23:13:06.817+0000] {taskinstance.py:1303} INFO - Executing <Task(PythonOperator): extract_and_load> on 2023-03-29 23:12:48.558725+00:00
[2023-03-29T23:13:06.839+0000] {standard_task_runner.py:55} INFO - Started process 206 to run task
[2023-03-29T23:13:06.875+0000] {standard_task_runner.py:82} INFO - Running: ['***', 'tasks', 'run', 'tax_income', 'extract_and_load', 'manual__2023-03-29T23:12:48.558725+00:00', '--job-id', '561', '--raw', '--subdir', 'DAGS_FOLDER/test.py', '--cfg-path', '/tmp/tmpcb_oar55']
[2023-03-29T23:13:06.886+0000] {standard_task_runner.py:83} INFO - Job 561: Subtask extract_and_load
[2023-03-29T23:13:07.639+0000] {task_command.py:388} INFO - Running <TaskInstance: tax_income.extract_and_load manual__2023-03-29T23:12:48.558725+00:00 [running]> on host 32688d23169d
[2023-03-29T23:13:08.022+0000] {taskinstance.py:1511} INFO - Exporting the following env vars:
AIRFLOW_CTX_DAG_OWNER=***
AIRFLOW_CTX_DAG_ID=tax_income
AIRFLOW_CTX_TASK_ID=extract_and_load
AIRFLOW_CTX_EXECUTION_DATE=2023-03-29T23:12:48.558725+00:00
AIRFLOW_CTX_TRY_NUMBER=1
AIRFLOW_CTX_DAG_RUN_ID=manual__2023-03-29T23:12:48.558725+00:00
[2023-03-29T23:13:08.033+0000] {test.py:66} INFO - Starting load_csv_from_bucket function...
[2023-03-29T23:13:08.438+0000] {test.py:75} INFO - Downloading CSV files from test-chr-ml 
[2023-03-29T23:13:30.788+0000] {test.py:91} INFO - Concatenating CSV files into a single DataFrame...
[2023-03-29T23:13:42.206+0000] {test.py:99} INFO - Select specific columns and rename them
[2023-03-29T23:14:12.787+0000] {test.py:106} INFO - Exporting DataFrame to BigQuery...
[2023-03-29T23:14:39.545+0000] {taskinstance.py:1775} ERROR - Task failed with exception
Traceback (most recent call last):
  File "/home/airflow/.local/lib/python3.7/site-packages/google/cloud/bigquery/client.py", line 2452, in load_table_from_file
    file_obj, job_resource, size, num_retries, timeout, project=project
  File "/home/airflow/.local/lib/python3.7/site-packages/google/cloud/bigquery/client.py", line 3022, in _do_multipart_upload
    self._http, data, metadata, _GENERIC_CONTENT_TYPE, timeout=timeout
  File "/home/airflow/.local/lib/python3.7/site-packages/google/resumable_media/requests/upload.py", line 154, in transmit
    retriable_request, self._get_status_code, self._retry_strategy
  File "/home/airflow/.local/lib/python3.7/site-packages/google/resumable_media/requests/_request_helpers.py", line 148, in wait_and_retry
    response = func()
  File "/home/airflow/.local/lib/python3.7/site-packages/google/resumable_media/requests/upload.py", line 149, in retriable_request
    self._process_response(result)
  File "/home/airflow/.local/lib/python3.7/site-packages/google/resumable_media/_upload.py", line 114, in _process_response
    _helpers.require_status_code(response, (http.client.OK,), self._get_status_code)
  File "/home/airflow/.local/lib/python3.7/site-packages/google/resumable_media/_helpers.py", line 113, in require_status_code
    *status_codes
google.resumable_media.common.InvalidResponse: ('Request failed with status code', 404, 'Expected one of', <HTTPStatus.OK: 200>)

During handling of the above exception, another exception occurred:

Traceback (most recent call last):
  File "/home/airflow/.local/lib/python3.7/site-packages/pandas_gbq/gbq.py", line 599, in load_data
    billing_project=billing_project,
  File "/home/airflow/.local/lib/python3.7/site-packages/pandas_gbq/load.py", line 246, in load_chunks
    billing_project=billing_project,
  File "/home/airflow/.local/lib/python3.7/site-packages/pandas_gbq/load.py", line 136, in load_parquet
    project=billing_project,
  File "/home/airflow/.local/lib/python3.7/site-packages/google/cloud/bigquery/client.py", line 2713, in load_table_from_dataframe
    timeout=timeout,
  File "/home/airflow/.local/lib/python3.7/site-packages/google/cloud/bigquery/client.py", line 2455, in load_table_from_file
    raise exceptions.from_http_response(exc.response)
google.api_core.exceptions.NotFound: 404 POST https://bigquery.googleapis.com/upload/bigquery/v2/projects/test-chronotruck/jobs?uploadType=multipart: Not found: Table test-chronotruck:datawarehouse.tax was not found in location US

During handling of the above exception, another exception occurred:

Traceback (most recent call last):
  File "/home/airflow/.local/lib/python3.7/site-packages/airflow/operators/python.py", line 175, in execute
    return_value = self.execute_callable()
  File "/home/airflow/.local/lib/python3.7/site-packages/airflow/operators/python.py", line 192, in execute_callable
    return self.python_callable(*self.op_args, **self.op_kwargs)
  File "/opt/airflow/dags/test.py", line 118, in load_csv_from_bucket
    {'name':'tax_filer_stat','type': 'STRING'}
  File "/home/airflow/.local/lib/python3.7/site-packages/pandas_gbq/gbq.py", line 1205, in to_gbq
    billing_project=project_id,
  File "/home/airflow/.local/lib/python3.7/site-packages/pandas_gbq/gbq.py", line 610, in load_data
    self.process_http_error(ex)
  File "/home/airflow/.local/lib/python3.7/site-packages/pandas_gbq/gbq.py", line 386, in process_http_error
    raise GenericGBQException("Reason: {0}".format(ex))
pandas_gbq.exceptions.GenericGBQException: Reason: 404 POST https://bigquery.googleapis.com/upload/bigquery/v2/projects/test-chronotruck/jobs?uploadType=multipart: Not found: Table test-chronotruck:datawarehouse.tax was not found in location US
[2023-03-29T23:14:39.808+0000] {taskinstance.py:1326} INFO - Marking task as UP_FOR_RETRY. dag_id=tax_income, task_id=extract_and_load, execution_date=20230329T231248, start_date=20230329T231306, end_date=20230329T231439
[2023-03-29T23:14:39.986+0000] {standard_task_runner.py:105} ERROR - Failed to execute job 561 for task extract_and_load (Reason: 404 POST https://bigquery.googleapis.com/upload/bigquery/v2/projects/test-chronotruck/jobs?uploadType=multipart: Not found: Table test-chronotruck:datawarehouse.tax was not found in location US; 206)
[2023-03-29T23:14:41.982+0000] {local_task_job.py:212} INFO - Task exited with return code 1
[2023-03-29T23:14:42.817+0000] {taskinstance.py:2585} INFO - 0 downstream tasks scheduled from follow-on schedule check
