[2023-03-29T14:50:03.077+0000] {taskinstance.py:1084} INFO - Dependencies all met for dep_context=non-requeueable deps ti=<TaskInstance: my_dag.model_predict scheduled__2023-03-29T14:40:00+00:00 [queued]>
[2023-03-29T14:50:03.104+0000] {taskinstance.py:1084} INFO - Dependencies all met for dep_context=requeueable deps ti=<TaskInstance: my_dag.model_predict scheduled__2023-03-29T14:40:00+00:00 [queued]>
[2023-03-29T14:50:03.106+0000] {taskinstance.py:1282} INFO - 
--------------------------------------------------------------------------------
[2023-03-29T14:50:03.108+0000] {taskinstance.py:1283} INFO - Starting attempt 1 of 1
[2023-03-29T14:50:03.110+0000] {taskinstance.py:1284} INFO - 
--------------------------------------------------------------------------------
[2023-03-29T14:50:03.148+0000] {taskinstance.py:1303} INFO - Executing <Task(PythonOperator): model_predict> on 2023-03-29 14:40:00+00:00
[2023-03-29T14:50:03.277+0000] {standard_task_runner.py:55} INFO - Started process 2679 to run task
[2023-03-29T14:50:03.346+0000] {standard_task_runner.py:82} INFO - Running: ['***', 'tasks', 'run', 'my_dag', 'model_predict', 'scheduled__2023-03-29T14:40:00+00:00', '--job-id', '407', '--raw', '--subdir', 'DAGS_FOLDER/test.py', '--cfg-path', '/tmp/tmpuokuflml']
[2023-03-29T14:50:03.372+0000] {standard_task_runner.py:83} INFO - Job 407: Subtask model_predict
[2023-03-29T14:50:04.205+0000] {task_command.py:388} INFO - Running <TaskInstance: my_dag.model_predict scheduled__2023-03-29T14:40:00+00:00 [running]> on host e7ec0deaf382
[2023-03-29T14:50:07.025+0000] {taskinstance.py:1511} INFO - Exporting the following env vars:
AIRFLOW_CTX_DAG_OWNER=***
AIRFLOW_CTX_DAG_ID=my_dag
AIRFLOW_CTX_TASK_ID=model_predict
AIRFLOW_CTX_EXECUTION_DATE=2023-03-29T14:40:00+00:00
AIRFLOW_CTX_TRY_NUMBER=1
AIRFLOW_CTX_DAG_RUN_ID=scheduled__2023-03-29T14:40:00+00:00
[2023-03-29T14:50:19.570+0000] {warnings.py:110} WARNING - /home/***/.local/lib/python3.7/site-packages/google/cloud/bigquery/table.py:1988: UserWarning: A progress bar was requested, but there was an error loading the tqdm library. Please install tqdm to use the progress bar functionality.
  create_bqstorage_client=create_bqstorage_client,

[2023-03-29T15:00:18.734+0000] {gbq.py:352} INFO - Total time taken 605.52 s.
Finished at 2023-03-29 15:00:18.
[2023-03-29T15:00:19.798+0000] {taskinstance.py:1775} ERROR - Task failed with exception
Traceback (most recent call last):
  File "/home/airflow/.local/lib/python3.7/site-packages/pandas/core/indexes/base.py", line 3361, in get_loc
    return self._engine.get_loc(casted_key)
  File "pandas/_libs/index.pyx", line 76, in pandas._libs.index.IndexEngine.get_loc
  File "pandas/_libs/index.pyx", line 108, in pandas._libs.index.IndexEngine.get_loc
  File "pandas/_libs/hashtable_class_helper.pxi", line 5198, in pandas._libs.hashtable.PyObjectHashTable.get_item
  File "pandas/_libs/hashtable_class_helper.pxi", line 5206, in pandas._libs.hashtable.PyObjectHashTable.get_item
KeyError: 'tax_filer_status'

The above exception was the direct cause of the following exception:

Traceback (most recent call last):
  File "/home/airflow/.local/lib/python3.7/site-packages/airflow/operators/python.py", line 175, in execute
    return_value = self.execute_callable()
  File "/home/airflow/.local/lib/python3.7/site-packages/airflow/operators/python.py", line 192, in execute_callable
    return self.python_callable(*self.op_args, **self.op_kwargs)
  File "/opt/airflow/dags/test.py", line 114, in model_predict
    features=df.pop("tax_filer_status")
  File "/home/airflow/.local/lib/python3.7/site-packages/pandas/core/frame.py", line 5226, in pop
    return super().pop(item=item)
  File "/home/airflow/.local/lib/python3.7/site-packages/pandas/core/generic.py", line 870, in pop
    result = self[item]
  File "/home/airflow/.local/lib/python3.7/site-packages/pandas/core/frame.py", line 3458, in __getitem__
    indexer = self.columns.get_loc(key)
  File "/home/airflow/.local/lib/python3.7/site-packages/pandas/core/indexes/base.py", line 3363, in get_loc
    raise KeyError(key) from err
KeyError: 'tax_filer_status'
[2023-03-29T15:00:23.953+0000] {taskinstance.py:1326} INFO - Marking task as FAILED. dag_id=my_dag, task_id=model_predict, execution_date=20230329T144000, start_date=20230329T145003, end_date=20230329T150023
[2023-03-29T15:00:28.884+0000] {standard_task_runner.py:105} ERROR - Failed to execute job 407 for task model_predict ('tax_filer_status'; 2679)
[2023-03-29T15:00:35.985+0000] {local_task_job.py:277} WARNING - State of this instance has been externally set to failed. Terminating instance.
[2023-03-29T15:00:36.875+0000] {process_utils.py:133} INFO - Sending Signals.SIGTERM to group 2679. PIDs of all processes in the group: [2679]
[2023-03-29T15:00:36.902+0000] {process_utils.py:84} INFO - Sending the signal Signals.SIGTERM to group 2679
[2023-03-29T15:00:52.206+0000] {process_utils.py:79} INFO - Process psutil.Process(pid=2679, status='terminated', exitcode=1, started='14:50:02') (2679) terminated with exit code 1
