[2023-03-28T17:30:03.319+0000] {taskinstance.py:1084} INFO - Dependencies all met for dep_context=non-requeueable deps ti=<TaskInstance: my_dag.extract_and_load scheduled__2023-03-28T17:25:00+00:00 [queued]>
[2023-03-28T17:30:03.344+0000] {taskinstance.py:1084} INFO - Dependencies all met for dep_context=requeueable deps ti=<TaskInstance: my_dag.extract_and_load scheduled__2023-03-28T17:25:00+00:00 [queued]>
[2023-03-28T17:30:03.345+0000] {taskinstance.py:1282} INFO - 
--------------------------------------------------------------------------------
[2023-03-28T17:30:03.349+0000] {taskinstance.py:1283} INFO - Starting attempt 1 of 1
[2023-03-28T17:30:03.352+0000] {taskinstance.py:1284} INFO - 
--------------------------------------------------------------------------------
[2023-03-28T17:30:03.466+0000] {taskinstance.py:1303} INFO - Executing <Task(PythonOperator): extract_and_load> on 2023-03-28 17:25:00+00:00
[2023-03-28T17:30:03.480+0000] {standard_task_runner.py:55} INFO - Started process 948 to run task
[2023-03-28T17:30:03.497+0000] {standard_task_runner.py:82} INFO - Running: ['***', 'tasks', 'run', 'my_dag', 'extract_and_load', 'scheduled__2023-03-28T17:25:00+00:00', '--job-id', '196', '--raw', '--subdir', 'DAGS_FOLDER/test.py', '--cfg-path', '/tmp/tmptvp85suk']
[2023-03-28T17:30:03.506+0000] {standard_task_runner.py:83} INFO - Job 196: Subtask extract_and_load
[2023-03-28T17:30:03.744+0000] {task_command.py:388} INFO - Running <TaskInstance: my_dag.extract_and_load scheduled__2023-03-28T17:25:00+00:00 [running]> on host 18cf4662f3ac
[2023-03-28T17:30:03.905+0000] {taskinstance.py:1511} INFO - Exporting the following env vars:
AIRFLOW_CTX_DAG_OWNER=***
AIRFLOW_CTX_DAG_ID=my_dag
AIRFLOW_CTX_TASK_ID=extract_and_load
AIRFLOW_CTX_EXECUTION_DATE=2023-03-28T17:25:00+00:00
AIRFLOW_CTX_TRY_NUMBER=1
AIRFLOW_CTX_DAG_RUN_ID=scheduled__2023-03-28T17:25:00+00:00
[2023-03-28T17:30:03.910+0000] {logging_mixin.py:137} INFO - eeeee test-chronotruck test-chr-ml/primary/data.csv
[2023-03-28T17:31:45.642+0000] {taskinstance.py:1775} ERROR - Task failed with exception
Traceback (most recent call last):
  File "/home/airflow/.local/lib/python3.7/site-packages/pandas_gbq/gbq.py", line 1154, in to_gbq
    table = bqclient.get_table(destination_table_ref)
  File "/home/airflow/.local/lib/python3.7/site-packages/google/cloud/bigquery/client.py", line 1040, in get_table
    timeout=timeout,
  File "/home/airflow/.local/lib/python3.7/site-packages/google/cloud/bigquery/client.py", line 782, in _call_api
    return call()
  File "/home/airflow/.local/lib/python3.7/site-packages/google/api_core/retry.py", line 288, in retry_wrapped_func
    on_error=on_error,
  File "/home/airflow/.local/lib/python3.7/site-packages/google/api_core/retry.py", line 190, in retry_target
    return target()
  File "/home/airflow/.local/lib/python3.7/site-packages/google/cloud/_http/__init__.py", line 494, in api_request
    raise exceptions.from_http_response(response)
google.api_core.exceptions.NotFound: 404 GET https://bigquery.googleapis.com/bigquery/v2/projects/test-chronotruck/datasets/datalake/tables/trips?prettyPrint=false: Not found: Dataset test-chronotruck:datalake

During handling of the above exception, another exception occurred:

Traceback (most recent call last):
  File "/home/airflow/.local/lib/python3.7/site-packages/pandas_gbq/gbq.py", line 1420, in create
    self.client.create_dataset(dataset)
  File "/home/airflow/.local/lib/python3.7/site-packages/google/cloud/bigquery/client.py", line 639, in create_dataset
    timeout=timeout,
  File "/home/airflow/.local/lib/python3.7/site-packages/google/cloud/bigquery/client.py", line 782, in _call_api
    return call()
  File "/home/airflow/.local/lib/python3.7/site-packages/google/api_core/retry.py", line 288, in retry_wrapped_func
    on_error=on_error,
  File "/home/airflow/.local/lib/python3.7/site-packages/google/api_core/retry.py", line 190, in retry_target
    return target()
  File "/home/airflow/.local/lib/python3.7/site-packages/google/cloud/_http/__init__.py", line 494, in api_request
    raise exceptions.from_http_response(response)
google.api_core.exceptions.Forbidden: 403 POST https://bigquery.googleapis.com/bigquery/v2/projects/test-chronotruck/datasets?prettyPrint=false: Access Denied: Project test-chronotruck: User does not have bigquery.datasets.create permission in project test-chronotruck.

During handling of the above exception, another exception occurred:

Traceback (most recent call last):
  File "/home/airflow/.local/lib/python3.7/site-packages/airflow/operators/python.py", line 175, in execute
    return_value = self.execute_callable()
  File "/home/airflow/.local/lib/python3.7/site-packages/airflow/operators/python.py", line 192, in execute_callable
    return self.python_callable(*self.op_args, **self.op_kwargs)
  File "/opt/airflow/dags/test.py", line 78, in load_csv_from_bucket
    {'name':'sex','type': 'STRING'},
  File "/home/airflow/.local/lib/python3.7/site-packages/pandas_gbq/gbq.py", line 1162, in to_gbq
    table_connector.create(table_id, table_schema)
  File "/home/airflow/.local/lib/python3.7/site-packages/pandas_gbq/gbq.py", line 1320, in create
    ).create(self.dataset_id)
  File "/home/airflow/.local/lib/python3.7/site-packages/pandas_gbq/gbq.py", line 1422, in create
    self.process_http_error(ex)
  File "/home/airflow/.local/lib/python3.7/site-packages/pandas_gbq/gbq.py", line 386, in process_http_error
    raise GenericGBQException("Reason: {0}".format(ex))
pandas_gbq.exceptions.GenericGBQException: Reason: 403 POST https://bigquery.googleapis.com/bigquery/v2/projects/test-chronotruck/datasets?prettyPrint=false: Access Denied: Project test-chronotruck: User does not have bigquery.datasets.create permission in project test-chronotruck.
[2023-03-28T17:31:45.936+0000] {taskinstance.py:1326} INFO - Marking task as FAILED. dag_id=my_dag, task_id=extract_and_load, execution_date=20230328T172500, start_date=20230328T173003, end_date=20230328T173145
[2023-03-28T17:31:46.001+0000] {standard_task_runner.py:105} ERROR - Failed to execute job 196 for task extract_and_load (Reason: 403 POST https://bigquery.googleapis.com/bigquery/v2/projects/test-chronotruck/datasets?prettyPrint=false: Access Denied: Project test-chronotruck: User does not have bigquery.datasets.create permission in project test-chronotruck.; 948)
[2023-03-28T17:31:47.547+0000] {local_task_job.py:212} INFO - Task exited with return code 1
[2023-03-28T17:31:47.750+0000] {taskinstance.py:2585} INFO - 0 downstream tasks scheduled from follow-on schedule check
