[2023-03-29T10:58:07.735+0000] {taskinstance.py:1084} INFO - Dependencies all met for dep_context=non-requeueable deps ti=<TaskInstance: my_dag.load_predict scheduled__2023-03-29T10:30:00+00:00 [queued]>
[2023-03-29T10:58:07.759+0000] {taskinstance.py:1084} INFO - Dependencies all met for dep_context=requeueable deps ti=<TaskInstance: my_dag.load_predict scheduled__2023-03-29T10:30:00+00:00 [queued]>
[2023-03-29T10:58:07.761+0000] {taskinstance.py:1282} INFO - 
--------------------------------------------------------------------------------
[2023-03-29T10:58:07.763+0000] {taskinstance.py:1283} INFO - Starting attempt 1 of 1
[2023-03-29T10:58:07.765+0000] {taskinstance.py:1284} INFO - 
--------------------------------------------------------------------------------
[2023-03-29T10:58:07.797+0000] {taskinstance.py:1303} INFO - Executing <Task(PythonOperator): load_predict> on 2023-03-29 10:30:00+00:00
[2023-03-29T10:58:07.808+0000] {standard_task_runner.py:55} INFO - Started process 521 to run task
[2023-03-29T10:58:07.815+0000] {standard_task_runner.py:82} INFO - Running: ['***', 'tasks', 'run', 'my_dag', 'load_predict', 'scheduled__2023-03-29T10:30:00+00:00', '--job-id', '320', '--raw', '--subdir', 'DAGS_FOLDER/test.py', '--cfg-path', '/tmp/tmptythgr3r']
[2023-03-29T10:58:07.820+0000] {standard_task_runner.py:83} INFO - Job 320: Subtask load_predict
[2023-03-29T10:58:07.953+0000] {task_command.py:388} INFO - Running <TaskInstance: my_dag.load_predict scheduled__2023-03-29T10:30:00+00:00 [running]> on host e7ec0deaf382
[2023-03-29T10:58:08.092+0000] {taskinstance.py:1511} INFO - Exporting the following env vars:
AIRFLOW_CTX_DAG_OWNER=***
AIRFLOW_CTX_DAG_ID=my_dag
AIRFLOW_CTX_TASK_ID=load_predict
AIRFLOW_CTX_EXECUTION_DATE=2023-03-29T10:30:00+00:00
AIRFLOW_CTX_TRY_NUMBER=1
AIRFLOW_CTX_DAG_RUN_ID=scheduled__2023-03-29T10:30:00+00:00
[2023-03-29T10:58:13.829+0000] {warnings.py:110} WARNING - /home/***/.local/lib/python3.7/site-packages/google/cloud/bigquery/table.py:1988: UserWarning: A progress bar was requested, but there was an error loading the tqdm library. Please install tqdm to use the progress bar functionality.
  create_bqstorage_client=create_bqstorage_client,

[2023-03-29T11:13:53.215+0000] {taskinstance.py:1775} ERROR - Task failed with exception
Traceback (most recent call last):
  File "/home/airflow/.local/lib/python3.7/site-packages/urllib3/connectionpool.py", line 710, in urlopen
    chunked=chunked,
  File "/home/airflow/.local/lib/python3.7/site-packages/urllib3/connectionpool.py", line 449, in _make_request
    six.raise_from(e, None)
  File "<string>", line 3, in raise_from
  File "/home/airflow/.local/lib/python3.7/site-packages/urllib3/connectionpool.py", line 444, in _make_request
    httplib_response = conn.getresponse()
  File "/usr/local/lib/python3.7/http/client.py", line 1373, in getresponse
    response.begin()
  File "/usr/local/lib/python3.7/http/client.py", line 319, in begin
    version, status, reason = self._read_status()
  File "/usr/local/lib/python3.7/http/client.py", line 288, in _read_status
    raise RemoteDisconnected("Remote end closed connection without"
http.client.RemoteDisconnected: Remote end closed connection without response

During handling of the above exception, another exception occurred:

Traceback (most recent call last):
  File "/home/airflow/.local/lib/python3.7/site-packages/requests/adapters.py", line 499, in send
    timeout=timeout,
  File "/home/airflow/.local/lib/python3.7/site-packages/urllib3/connectionpool.py", line 788, in urlopen
    method, url, error=e, _pool=self, _stacktrace=sys.exc_info()[2]
  File "/home/airflow/.local/lib/python3.7/site-packages/urllib3/util/retry.py", line 550, in increment
    raise six.reraise(type(error), error, _stacktrace)
  File "/home/airflow/.local/lib/python3.7/site-packages/urllib3/packages/six.py", line 769, in reraise
    raise value.with_traceback(tb)
  File "/home/airflow/.local/lib/python3.7/site-packages/urllib3/connectionpool.py", line 710, in urlopen
    chunked=chunked,
  File "/home/airflow/.local/lib/python3.7/site-packages/urllib3/connectionpool.py", line 449, in _make_request
    six.raise_from(e, None)
  File "<string>", line 3, in raise_from
  File "/home/airflow/.local/lib/python3.7/site-packages/urllib3/connectionpool.py", line 444, in _make_request
    httplib_response = conn.getresponse()
  File "/usr/local/lib/python3.7/http/client.py", line 1373, in getresponse
    response.begin()
  File "/usr/local/lib/python3.7/http/client.py", line 319, in begin
    version, status, reason = self._read_status()
  File "/usr/local/lib/python3.7/http/client.py", line 288, in _read_status
    raise RemoteDisconnected("Remote end closed connection without"
urllib3.exceptions.ProtocolError: ('Connection aborted.', RemoteDisconnected('Remote end closed connection without response'))

During handling of the above exception, another exception occurred:

Traceback (most recent call last):
  File "/home/airflow/.local/lib/python3.7/site-packages/google/api_core/retry.py", line 190, in retry_target
    return target()
  File "/home/airflow/.local/lib/python3.7/site-packages/google/cloud/_http/__init__.py", line 490, in api_request
    extra_api_info=extra_api_info,
  File "/home/airflow/.local/lib/python3.7/site-packages/google/cloud/_http/__init__.py", line 342, in _make_request
    method, url, headers, data, target_object, timeout=timeout
  File "/home/airflow/.local/lib/python3.7/site-packages/google/cloud/_http/__init__.py", line 380, in _do_request
    url=url, method=method, headers=headers, data=data, timeout=timeout
  File "/home/airflow/.local/lib/python3.7/site-packages/google/auth/transport/requests.py", line 555, in request
    **kwargs
  File "/home/airflow/.local/lib/python3.7/site-packages/requests/sessions.py", line 587, in request
    resp = self.send(prep, **send_kwargs)
  File "/home/airflow/.local/lib/python3.7/site-packages/requests/sessions.py", line 701, in send
    r = adapter.send(request, **kwargs)
  File "/home/airflow/.local/lib/python3.7/site-packages/requests/adapters.py", line 547, in send
    raise ConnectionError(err, request=request)
requests.exceptions.ConnectionError: ('Connection aborted.', RemoteDisconnected('Remote end closed connection without response'))

The above exception was the direct cause of the following exception:

Traceback (most recent call last):
  File "/home/airflow/.local/lib/python3.7/site-packages/pandas_gbq/gbq.py", line 566, in _download_results
    **to_dataframe_kwargs,
  File "/home/airflow/.local/lib/python3.7/site-packages/google/cloud/bigquery/table.py", line 1988, in to_dataframe
    create_bqstorage_client=create_bqstorage_client,
  File "/home/airflow/.local/lib/python3.7/site-packages/google/cloud/bigquery/table.py", line 1780, in to_arrow
    bqstorage_client=bqstorage_client
  File "/home/airflow/.local/lib/python3.7/site-packages/google/cloud/bigquery/table.py", line 1635, in _to_page_iterable
    yield from result_pages
  File "/home/airflow/.local/lib/python3.7/site-packages/google/cloud/bigquery/_pandas_helpers.py", line 630, in download_arrow_row_iterator
    for page in pages:
  File "/home/airflow/.local/lib/python3.7/site-packages/google/api_core/page_iterator.py", line 250, in _page_iter
    page = self._next_page()
  File "/home/airflow/.local/lib/python3.7/site-packages/google/api_core/page_iterator.py", line 373, in _next_page
    response = self._get_next_page_response()
  File "/home/airflow/.local/lib/python3.7/site-packages/google/cloud/bigquery/table.py", line 1590, in _get_next_page_response
    method=self._HTTP_METHOD, path=self.path, query_params=params
  File "/home/airflow/.local/lib/python3.7/site-packages/google/cloud/bigquery/client.py", line 784, in _call_api
    return call()
  File "/home/airflow/.local/lib/python3.7/site-packages/google/api_core/retry.py", line 288, in retry_wrapped_func
    on_error=on_error,
  File "/home/airflow/.local/lib/python3.7/site-packages/google/api_core/retry.py", line 210, in retry_target
    ) from last_exc
google.api_core.exceptions.RetryError: Deadline of 600.0s exceeded while calling target function, last exception: ('Connection aborted.', RemoteDisconnected('Remote end closed connection without response'))

During handling of the above exception, another exception occurred:

Traceback (most recent call last):
  File "/home/airflow/.local/lib/python3.7/site-packages/airflow/operators/python.py", line 175, in execute
    return_value = self.execute_callable()
  File "/home/airflow/.local/lib/python3.7/site-packages/airflow/operators/python.py", line 192, in execute_callable
    return self.python_callable(*self.op_args, **self.op_kwargs)
  File "/opt/airflow/dags/test.py", line 105, in transform_tax
    credentials=CREDENTIALS
  File "/home/airflow/.local/lib/python3.7/site-packages/pandas_gbq/gbq.py", line 926, in read_gbq
    dtypes=dtypes,
  File "/home/airflow/.local/lib/python3.7/site-packages/pandas_gbq/gbq.py", line 533, in run_query
    user_dtypes=dtypes,
  File "/home/airflow/.local/lib/python3.7/site-packages/pandas_gbq/gbq.py", line 569, in _download_results
    self.process_http_error(ex)
  File "/home/airflow/.local/lib/python3.7/site-packages/pandas_gbq/gbq.py", line 386, in process_http_error
    raise GenericGBQException("Reason: {0}".format(ex))
pandas_gbq.exceptions.GenericGBQException: Reason: Deadline of 600.0s exceeded while calling target function, last exception: ('Connection aborted.', RemoteDisconnected('Remote end closed connection without response'))
[2023-03-29T11:13:56.454+0000] {taskinstance.py:1326} INFO - Marking task as FAILED. dag_id=my_dag, task_id=load_predict, execution_date=20230329T103000, start_date=20230329T105807, end_date=20230329T111356
[2023-03-29T11:14:04.003+0000] {standard_task_runner.py:105} ERROR - Failed to execute job 320 for task load_predict (Reason: Deadline of 600.0s exceeded while calling target function, last exception: ('Connection aborted.', RemoteDisconnected('Remote end closed connection without response')); 521)
[2023-03-29T11:14:25.362+0000] {local_task_job.py:277} WARNING - State of this instance has been externally set to failed. Terminating instance.
[2023-03-29T11:14:40.534+0000] {process_utils.py:133} INFO - Sending Signals.SIGTERM to group 521. PIDs of all processes in the group: [521]
[2023-03-29T11:14:40.597+0000] {process_utils.py:84} INFO - Sending the signal Signals.SIGTERM to group 521
[2023-03-29T11:14:44.288+0000] {process_utils.py:79} INFO - Process psutil.Process(pid=521, status='terminated', exitcode=1, started='10:58:07') (521) terminated with exit code 1
