[2023-03-29T14:45:57.565+0000] {taskinstance.py:1084} INFO - Dependencies all met for dep_context=non-requeueable deps ti=<TaskInstance: my_dag.extract_and_load scheduled__2023-03-29T14:25:00+00:00 [queued]>
[2023-03-29T14:45:57.700+0000] {taskinstance.py:1084} INFO - Dependencies all met for dep_context=requeueable deps ti=<TaskInstance: my_dag.extract_and_load scheduled__2023-03-29T14:25:00+00:00 [queued]>
[2023-03-29T14:45:57.702+0000] {taskinstance.py:1282} INFO - 
--------------------------------------------------------------------------------
[2023-03-29T14:45:57.724+0000] {taskinstance.py:1283} INFO - Starting attempt 1 of 1
[2023-03-29T14:45:57.727+0000] {taskinstance.py:1284} INFO - 
--------------------------------------------------------------------------------
[2023-03-29T14:45:57.886+0000] {taskinstance.py:1303} INFO - Executing <Task(PythonOperator): extract_and_load> on 2023-03-29 14:25:00+00:00
[2023-03-29T14:45:58.004+0000] {standard_task_runner.py:55} INFO - Started process 2615 to run task
[2023-03-29T14:45:58.040+0000] {standard_task_runner.py:82} INFO - Running: ['***', 'tasks', 'run', 'my_dag', 'extract_and_load', 'scheduled__2023-03-29T14:25:00+00:00', '--job-id', '404', '--raw', '--subdir', 'DAGS_FOLDER/test.py', '--cfg-path', '/tmp/tmp16ykld8b']
[2023-03-29T14:45:58.057+0000] {standard_task_runner.py:83} INFO - Job 404: Subtask extract_and_load
[2023-03-29T14:45:58.514+0000] {task_command.py:388} INFO - Running <TaskInstance: my_dag.extract_and_load scheduled__2023-03-29T14:25:00+00:00 [running]> on host e7ec0deaf382
[2023-03-29T14:45:59.373+0000] {taskinstance.py:1511} INFO - Exporting the following env vars:
AIRFLOW_CTX_DAG_OWNER=***
AIRFLOW_CTX_DAG_ID=my_dag
AIRFLOW_CTX_TASK_ID=extract_and_load
AIRFLOW_CTX_EXECUTION_DATE=2023-03-29T14:25:00+00:00
AIRFLOW_CTX_TRY_NUMBER=1
AIRFLOW_CTX_DAG_RUN_ID=scheduled__2023-03-29T14:25:00+00:00
[2023-03-29T14:45:59.376+0000] {logging_mixin.py:137} INFO - eeeee test-chronotruck test-chr-ml/primary/data.csv
[2023-03-29T14:47:46.875+0000] {logging_mixin.py:137} INFO - rasssss
[2023-03-29T14:48:03.575+0000] {taskinstance.py:1775} ERROR - Task failed with exception
Traceback (most recent call last):
  File "/home/airflow/.local/lib/python3.7/site-packages/pandas_gbq/gbq.py", line 1329, in create
    self.client.create_table(table)
  File "/home/airflow/.local/lib/python3.7/site-packages/google/cloud/bigquery/client.py", line 755, in create_table
    timeout=timeout,
  File "/home/airflow/.local/lib/python3.7/site-packages/google/cloud/bigquery/client.py", line 782, in _call_api
    return call()
  File "/home/airflow/.local/lib/python3.7/site-packages/google/api_core/retry.py", line 288, in retry_wrapped_func
    on_error=on_error,
  File "/home/airflow/.local/lib/python3.7/site-packages/google/api_core/retry.py", line 190, in retry_target
    return target()
  File "/home/airflow/.local/lib/python3.7/site-packages/google/cloud/_http/__init__.py", line 494, in api_request
    raise exceptions.from_http_response(response)
google.api_core.exceptions.Conflict: 409 POST https://bigquery.googleapis.com/bigquery/v2/projects/test-chronotruck/datasets/datawarehouse/tables?prettyPrint=false: Already Exists: Table test-chronotruck:datawarehouse.tax

During handling of the above exception, another exception occurred:

Traceback (most recent call last):
  File "/home/airflow/.local/lib/python3.7/site-packages/airflow/operators/python.py", line 175, in execute
    return_value = self.execute_callable()
  File "/home/airflow/.local/lib/python3.7/site-packages/airflow/operators/python.py", line 192, in execute_callable
    return self.python_callable(*self.op_args, **self.op_kwargs)
  File "/opt/airflow/dags/test.py", line 88, in load_csv_from_bucket
    {'name':'tax_filer_status','type': 'STRING'}
  File "/home/airflow/.local/lib/python3.7/site-packages/pandas_gbq/gbq.py", line 1175, in to_gbq
    project_id_table, dataset_id, table_id, table_schema
  File "/home/airflow/.local/lib/python3.7/site-packages/pandas_gbq/gbq.py", line 615, in delete_and_recreate_table
    table.create(table_id, table_schema)
  File "/home/airflow/.local/lib/python3.7/site-packages/pandas_gbq/gbq.py", line 1331, in create
    self.process_http_error(ex)
  File "/home/airflow/.local/lib/python3.7/site-packages/pandas_gbq/gbq.py", line 386, in process_http_error
    raise GenericGBQException("Reason: {0}".format(ex))
pandas_gbq.exceptions.GenericGBQException: Reason: 409 POST https://bigquery.googleapis.com/bigquery/v2/projects/test-chronotruck/datasets/datawarehouse/tables?prettyPrint=false: Already Exists: Table test-chronotruck:datawarehouse.tax
[2023-03-29T14:48:03.843+0000] {taskinstance.py:1326} INFO - Marking task as FAILED. dag_id=my_dag, task_id=extract_and_load, execution_date=20230329T142500, start_date=20230329T144557, end_date=20230329T144803
[2023-03-29T14:48:04.198+0000] {standard_task_runner.py:105} ERROR - Failed to execute job 404 for task extract_and_load (Reason: 409 POST https://bigquery.googleapis.com/bigquery/v2/projects/test-chronotruck/datasets/datawarehouse/tables?prettyPrint=false: Already Exists: Table test-chronotruck:datawarehouse.tax; 2615)
[2023-03-29T14:48:12.384+0000] {local_task_job.py:277} WARNING - State of this instance has been externally set to failed. Terminating instance.
[2023-03-29T14:48:13.088+0000] {process_utils.py:133} INFO - Sending Signals.SIGTERM to group 2615. PIDs of all processes in the group: [2615]
[2023-03-29T14:48:13.195+0000] {process_utils.py:84} INFO - Sending the signal Signals.SIGTERM to group 2615
[2023-03-29T14:48:14.439+0000] {process_utils.py:79} INFO - Process psutil.Process(pid=2615, status='terminated', exitcode=1, started='14:45:57') (2615) terminated with exit code 1
